<?xml version="1.0" encoding="UTF-8"?>
<testsuite xmlns:xsi="http://www.w3.org/2001/XMLSchema-instance" xsi:noNamespaceSchemaLocation="https://maven.apache.org/surefire/maven-surefire-plugin/xsd/surefire-test-report-3.0.xsd" version="3.0" name="TestSuite" time="14.014" tests="2" errors="0" skipped="0" failures="0">
  <properties>
[...]
</properties>
  <testcase name="TC01[production](1)" classname="TestCases.TC01" time="7.19">
    <system-out><![CDATA[ INFO [main] (TC01.java:19)- Navigated to Production Site
 INFO [main] (TC01.java:33)- Clicked the Portfolio button
 INFO [main] (BaseClass.java:121)- Screenshot Taken
]]></system-out>
    <system-err><![CDATA[Mar 19, 2023 11:59:16 PM org.openqa.selenium.remote.tracing.opentelemetry.OpenTelemetryTracer createTracer
INFO: Using OpenTelemetry for tracing
Mar 19, 2023 11:59:18 PM org.openqa.selenium.remote.ProtocolHandshake createSession
INFO: Detected upstream dialect: W3C
]]></system-err>
  </testcase>
  <testcase name="TC02[production](1)" classname="TestCases.TC02" time="3.688">
    <system-out><![CDATA[ INFO [main] (TC02.java:20)- Navigated to Production Site
 INFO [main] (TC02.java:33)- Clicked the Portfolio button
 INFO [main] (BaseClass.java:121)- Screenshot Taken
]]></system-out>
    <system-err><![CDATA[Mar 19, 2023 11:59:26 PM org.openqa.selenium.remote.ProtocolHandshake createSession
INFO: Detected upstream dialect: W3C
]]></system-err>
  </testcase>
</testsuite>