<?xml version="1.0" encoding="UTF-8"?>
<testng-results ignored="0" total="2" passed="2" failed="0" skipped="0">
  <reporter-output>
  </reporter-output>
  <suite started-at="2023-03-19T23:59:16 MYT" name="All Test Suite" finished-at="2023-03-19T23:59:30 MYT" duration-ms="13481">
    <groups>
      <group name="all">
        <method signature="TC01.TC01(java.lang.String)[pri:0, instance:TestCases.TC01@710636b0]" name="TC01" class="TestCases.TC01"/>
        <method signature="TC02.TC02(java.lang.String)[pri:0, instance:TestCases.TC02@15888343]" name="TC02" class="TestCases.TC02"/>
      </group> <!-- all -->
      <group name="Smoke">
        <method signature="TC01.TC01(java.lang.String)[pri:0, instance:TestCases.TC01@710636b0]" name="TC01" class="TestCases.TC01"/>
        <method signature="TC02.TC02(java.lang.String)[pri:0, instance:TestCases.TC02@15888343]" name="TC02" class="TestCases.TC02"/>
      </group> <!-- Smoke -->
    </groups>
    <test started-at="2023-03-19T23:59:16 MYT" name="Login" finished-at="2023-03-19T23:59:30 MYT" duration-ms="13481">
      <class name="TestCases.TC01">
        <test-method is-config="true" signature="Setup(java.lang.String)[pri:0, instance:TestCases.TC01@710636b0]" started-at="2023-03-19T23:59:16 MYT" name="Setup" finished-at="2023-03-19T23:59:18 MYT" duration-ms="1585" status="PASS">
          <params>
            <param index="0">
              <value>
                <![CDATA[chrome]]>
              </value>
            </param>
          </params>
          <reporter-output>
          </reporter-output>
        </test-method> <!-- Setup -->
        <test-method signature="TC01(java.lang.String)[pri:0, instance:TestCases.TC01@710636b0]" started-at="2023-03-19T23:59:18 MYT" name="TC01" finished-at="2023-03-19T23:59:25 MYT" duration-ms="7185" status="PASS">
          <params>
            <param index="0">
              <value>
                <![CDATA[production]]>
              </value>
            </param>
          </params>
          <reporter-output>
          </reporter-output>
        </test-method> <!-- TC01 -->
        <test-method is-config="true" signature="teardown()[pri:0, instance:TestCases.TC01@710636b0]" started-at="2023-03-19T23:59:25 MYT" name="teardown" finished-at="2023-03-19T23:59:25 MYT" duration-ms="217" status="PASS">
          <reporter-output>
          </reporter-output>
        </test-method> <!-- teardown -->
      </class> <!-- TestCases.TC01 -->
      <class name="TestCases.TC02">
        <test-method is-config="true" signature="Setup(java.lang.String)[pri:0, instance:TestCases.TC02@15888343]" started-at="2023-03-19T23:59:25 MYT" name="Setup" finished-at="2023-03-19T23:59:26 MYT" duration-ms="532" status="PASS">
          <params>
            <param index="0">
              <value>
                <![CDATA[chrome]]>
              </value>
            </param>
          </params>
          <reporter-output>
          </reporter-output>
        </test-method> <!-- Setup -->
        <test-method signature="TC02(java.lang.String)[pri:0, instance:TestCases.TC02@15888343]" started-at="2023-03-19T23:59:26 MYT" name="TC02" finished-at="2023-03-19T23:59:29 MYT" duration-ms="3688" status="PASS">
          <params>
            <param index="0">
              <value>
                <![CDATA[production]]>
              </value>
            </param>
          </params>
          <reporter-output>
          </reporter-output>
        </test-method> <!-- TC02 -->
        <test-method is-config="true" signature="teardown()[pri:0, instance:TestCases.TC02@15888343]" started-at="2023-03-19T23:59:29 MYT" name="teardown" finished-at="2023-03-19T23:59:30 MYT" duration-ms="209" status="PASS">
          <reporter-output>
          </reporter-output>
        </test-method> <!-- teardown -->
      </class> <!-- TestCases.TC02 -->
    </test> <!-- Login -->
  </suite> <!-- All Test Suite -->
</testng-results>
